<?xml version="1.0" encoding="UTF-8"?>
<!-- Generated by org.testng.reporters.JUnitReportReporter -->
<testsuite hostname="LAPTOP-JCCI2VBB" failures="0" tests="1" name="scripts.Testcase2" time="0.006" errors="0" timestamp="2021-12-13T18:55:34 IST" skipped="0">
  <testcase classname="scripts.Testcase2" name="tc2" time="0.006"/>
  <system-out>
    <![CDATA[Hello VB]]>
  </system-out>
</testsuite> <!-- scripts.Testcase2 -->
