<?xml version="1.0" encoding="UTF-8"?>
<!-- Generated by org.testng.reporters.JUnitReportReporter -->
<testsuite hostname="LAPTOP-JCCI2VBB" failures="0" tests="1" name="scripts.Testcases1" time="0.001" errors="0" timestamp="2021-12-13T18:55:34 IST" skipped="0">
  <testcase classname="scripts.Testcases1" name="tc1" time="0.001"/>
  <system-out>
    <![CDATA[Hello java]]>
  </system-out>
</testsuite> <!-- scripts.Testcases1 -->
